2023-04-04 16:53:17,132 - __main__ - INFO - Avvio Battery_monitor.py
2023-04-04 16:53:17,263 - __main__ - INFO - Avvio OLED_info.py
2023-04-04 16:56:26,122 - __main__ - INFO - Avvio Battery_monitor.py
2023-04-04 16:56:26,618 - __main__ - INFO - Avvio OLED_info.py
1980-01-01 01:00:18,685 - __main__ - INFO - Avvio Battery_monitor.py
1980-01-01 01:00:18,979 - __main__ - INFO - Avvio OLED_info.py
2023-04-04 16:59:38,867 - __main__ - INFO - Avvio Battery_monitor.py
2023-04-04 16:59:39,858 - __main__ - INFO - Avvio OLED_info.py
1980-01-01 01:00:18,626 - __main__ - INFO - Avvio Battery_monitor.py
1980-01-01 01:00:19,791 - __main__ - INFO - Avvio OLED_info.py
2023-04-04 17:08:29,428 - __main__ - INFO - Avvio Battery_monitor.py
2023-04-04 17:08:30,376 - __main__ - INFO - Avvio OLED_info.py
1980-01-01 01:00:18,595 - __main__ - INFO - Avvio Battery_monitor.py
1980-01-01 01:00:19,661 - __main__ - INFO - Avvio OLED_info.py
1980-01-01 01:00:18,749 - __main__ - INFO - Avvio Battery_monitor.py
1980-01-01 01:00:19,900 - __main__ - INFO - Avvio OLED_info.py
2023-04-04 18:26:39,439 - __main__ - INFO - Avvio Battery_monitor.py
2023-04-04 18:26:40,967 - __main__ - INFO - Avvio OLED_info.py
1980-01-01 01:00:18,967 - __main__ - INFO - Avvio Battery_monitor.py
1980-01-01 01:00:20,150 - __main__ - INFO - Avvio OLED_info.py
2023-04-04 18:40:58,379 - __main__ - INFO - Avvio Battery_monitor.py
2023-04-04 18:40:59,645 - __main__ - INFO - Avvio OLED_info.py
1980-01-01 01:00:18,671 - __main__ - INFO - Avvio Battery_monitor.py
1980-01-01 01:00:19,787 - __main__ - INFO - Avvio OLED_info.py
1980-01-01 01:00:18,889 - __main__ - INFO - Avvio Battery_monitor.py
1980-01-01 01:00:19,965 - __main__ - INFO - Avvio OLED_info.py
1980-01-01 01:00:18,639 - __main__ - INFO - Avvio Battery_monitor.py
1980-01-01 01:00:19,757 - __main__ - INFO - Avvio OLED_info.py
1980-01-01 01:00:18,629 - __main__ - INFO - Avvio Battery_monitor.py
1980-01-01 01:00:19,786 - __main__ - INFO - Avvio OLED_info.py
1980-01-01 01:00:18,673 - __main__ - INFO - Avvio Battery_monitor.py
1980-01-01 01:00:19,833 - __main__ - INFO - Avvio OLED_info.py
2023-04-06 20:31:45,038 - __main__ - INFO - Avvio Battery_monitor.py
2023-04-06 20:31:46,654 - __main__ - INFO - Avvio OLED_info.py
1980-01-01 01:00:18,534 - __main__ - INFO - Avvio Battery_monitor.py
1980-01-01 01:00:19,696 - __main__ - INFO - Avvio OLED_info.py
2023-04-06 20:39:08,660 - __main__ - INFO - Avvio Battery_monitor.py
2023-04-06 20:39:09,864 - __main__ - INFO - Avvio OLED_info.py
1980-01-01 01:00:18,674 - __main__ - INFO - Avvio Battery_monitor.py
1980-01-01 01:00:19,786 - __main__ - INFO - Avvio OLED_info.py
2023-04-08 03:04:34,269 - __main__ - INFO - Avvio Battery_monitor.py
2023-04-08 03:04:35,826 - __main__ - INFO - Avvio OLED_info.py
1980-01-01 01:00:19,439 - __main__ - INFO - Avvio Battery_monitor.py
1980-01-01 01:00:20,520 - __main__ - INFO - Avvio OLED_info.py
2023-04-10 15:20:32,102 - __main__ - INFO - Avvio Battery_monitor.py
2023-04-10 15:20:33,962 - __main__ - INFO - Avvio OLED_info.py
1980-01-01 01:00:18,831 - __main__ - INFO - Avvio Battery_monitor.py
1980-01-01 01:00:19,916 - __main__ - INFO - Avvio OLED_info.py
2023-04-10 15:48:53,204 - __main__ - INFO - Avvio Battery_monitor.py
2023-04-10 15:48:54,167 - __main__ - INFO - Avvio OLED_info.py
1980-01-01 01:00:25,402 - __main__ - INFO - Avvio Battery_monitor.py
1980-01-01 01:00:25,664 - __main__ - INFO - Avvio OLED_info.py
2023-04-10 16:00:48,965 - __main__ - INFO - Avvio Battery_monitor.py
2023-04-10 16:00:50,208 - __main__ - INFO - Avvio OLED_info.py
1980-01-01 01:00:24,944 - __main__ - INFO - Avvio Battery_monitor.py
1980-01-01 01:00:26,770 - __main__ - INFO - Avvio OLED_info.py
2023-04-10 16:27:18,347 - __main__ - INFO - Avvio Battery_monitor.py
2023-04-10 16:27:19,822 - __main__ - INFO - Avvio OLED_info.py
1980-01-01 01:00:25,284 - __main__ - INFO - Avvio Battery_monitor.py
1980-01-01 01:00:27,258 - __main__ - INFO - Avvio OLED_info.py
2023-04-10 16:31:39,649 - __main__ - INFO - Avvio Battery_monitor.py
2023-04-10 16:31:40,895 - __main__ - INFO - Avvio OLED_info.py
1980-01-01 01:00:25,856 - __main__ - INFO - Avvio Battery_monitor.py
2023-04-10 16:40:47,099 - __main__ - INFO - Avvio OLED_info.py
2023-04-10 16:48:09,211 - __main__ - INFO - Avvio Battery_monitor.py
2023-04-10 16:48:12,148 - __main__ - INFO - Avvio OLED_info.py
1980-01-01 01:00:25,866 - __main__ - INFO - Avvio Battery_monitor.py
2023-04-10 16:48:58,855 - __main__ - INFO - Avvio OLED_info.py
2023-04-10 17:01:25,730 - __main__ - INFO - Avvio Battery_monitor.py
2023-04-10 17:01:27,119 - __main__ - INFO - Avvio Battery_monitor.py
2023-04-10 17:01:28,090 - __main__ - ERROR - Errore durante l'avvio di Battery_monitor.py: cannot open resource
Traceback (most recent call last):
  File "/userdata/Battery_monitor/Battery_monitor.py", line 29, in <module>
    import OLED_info
  File "/userdata/Battery_monitor/OLED_info.py", line 87, in <module>
    font = ImageFont.truetype('PixelOperator.ttf', FONTSIZE)
           ^^^^^^^^^^^^^^^^^^^^^^^^^^^^^^^^^^^^^^^^^^^^^^^^^
  File "/usr/lib/python3.11/site-packages/PIL/ImageFont.py", line 1008, in truetype
    return freetype(font)
           ^^^^^^^^^^^^^^
  File "/usr/lib/python3.11/site-packages/PIL/ImageFont.py", line 1005, in freetype
    return FreeTypeFont(font, size, index, encoding, layout_engine)
           ^^^^^^^^^^^^^^^^^^^^^^^^^^^^^^^^^^^^^^^^^^^^^^^^^^^^^^^^
  File "/usr/lib/python3.11/site-packages/PIL/ImageFont.py", line 255, in __init__
    self.font = core.getfont(
                ^^^^^^^^^^^^^
OSError: cannot open resource
2023-04-10 17:01:28,300 - __main__ - INFO - Avvio OLED_info.py
1980-01-01 01:00:25,582 - __main__ - INFO - Avvio Battery_monitor.py
1980-01-01 01:00:27,255 - __main__ - INFO - Avvio Battery_monitor.py
2023-04-10 17:02:14,122 - __main__ - ERROR - Errore durante l'avvio di Battery_monitor.py: cannot open resource
Traceback (most recent call last):
  File "/userdata/Battery_monitor/Battery_monitor.py", line 29, in <module>
    import OLED_info
  File "/userdata/Battery_monitor/OLED_info.py", line 87, in <module>
    font = ImageFont.truetype('PixelOperator.ttf', FONTSIZE)
           ^^^^^^^^^^^^^^^^^^^^^^^^^^^^^^^^^^^^^^^^^^^^^^^^^
  File "/usr/lib/python3.11/site-packages/PIL/ImageFont.py", line 1008, in truetype
    return freetype(font)
           ^^^^^^^^^^^^^^
  File "/usr/lib/python3.11/site-packages/PIL/ImageFont.py", line 1005, in freetype
    return FreeTypeFont(font, size, index, encoding, layout_engine)
           ^^^^^^^^^^^^^^^^^^^^^^^^^^^^^^^^^^^^^^^^^^^^^^^^^^^^^^^^
  File "/usr/lib/python3.11/site-packages/PIL/ImageFont.py", line 255, in __init__
    self.font = core.getfont(
                ^^^^^^^^^^^^^
OSError: cannot open resource
2023-04-10 17:02:14,431 - __main__ - INFO - Avvio OLED_info.py
2023-04-10 17:06:05,830 - __main__ - INFO - Avvio Battery_monitor.py
2023-04-10 17:06:43,379 - __main__ - INFO - Avvio Battery_monitor.py
2023-04-10 17:06:44,741 - __main__ - INFO - Avvio Battery_monitor.py
2023-04-10 17:06:46,025 - __main__ - ERROR - Errore durante l'avvio di Battery_monitor.py: cannot open resource
Traceback (most recent call last):
  File "/userdata/Battery_monitor/Battery_monitor.py", line 29, in <module>
    import OLED_info
  File "/userdata/Battery_monitor/OLED_info.py", line 87, in <module>
    font = ImageFont.truetype('PixelOperator.ttf', FONTSIZE)
           ^^^^^^^^^^^^^^^^^^^^^^^^^^^^^^^^^^^^^^^^^^^^^^^^^
  File "/usr/lib/python3.11/site-packages/PIL/ImageFont.py", line 1008, in truetype
    return freetype(font)
           ^^^^^^^^^^^^^^
  File "/usr/lib/python3.11/site-packages/PIL/ImageFont.py", line 1005, in freetype
    return FreeTypeFont(font, size, index, encoding, layout_engine)
           ^^^^^^^^^^^^^^^^^^^^^^^^^^^^^^^^^^^^^^^^^^^^^^^^^^^^^^^^
  File "/usr/lib/python3.11/site-packages/PIL/ImageFont.py", line 255, in __init__
    self.font = core.getfont(
                ^^^^^^^^^^^^^
OSError: cannot open resource
2023-04-10 17:06:46,314 - __main__ - INFO - Avvio OLED_info.py
1980-01-01 01:00:25,907 - __main__ - INFO - Avvio Battery_monitor.py
1980-01-01 01:00:26,873 - __main__ - INFO - Avvio Battery_monitor.py
2023-04-10 17:07:31,653 - __main__ - ERROR - Errore durante l'avvio di Battery_monitor.py: cannot open resource
Traceback (most recent call last):
  File "/userdata/Battery_monitor/Battery_monitor.py", line 29, in <module>
    import OLED_info
  File "/userdata/Battery_monitor/OLED_info.py", line 87, in <module>
    font = ImageFont.truetype('PixelOperator.ttf', FONTSIZE)
           ^^^^^^^^^^^^^^^^^^^^^^^^^^^^^^^^^^^^^^^^^^^^^^^^^
  File "/usr/lib/python3.11/site-packages/PIL/ImageFont.py", line 1008, in truetype
    return freetype(font)
           ^^^^^^^^^^^^^^
  File "/usr/lib/python3.11/site-packages/PIL/ImageFont.py", line 1005, in freetype
    return FreeTypeFont(font, size, index, encoding, layout_engine)
           ^^^^^^^^^^^^^^^^^^^^^^^^^^^^^^^^^^^^^^^^^^^^^^^^^^^^^^^^
  File "/usr/lib/python3.11/site-packages/PIL/ImageFont.py", line 255, in __init__
    self.font = core.getfont(
                ^^^^^^^^^^^^^
OSError: cannot open resource
2023-04-10 17:07:32,043 - __main__ - INFO - Avvio OLED_info.py
2023-04-10 17:14:03,933 - __main__ - INFO - Avvio Battery_monitor.py
2023-04-10 17:14:37,870 - __main__ - INFO - Avvio Battery_monitor.py
2023-04-10 17:14:39,066 - __main__ - INFO - Avvio Battery_monitor.py
1980-01-01 01:00:25,603 - __main__ - INFO - Avvio Battery_monitor.py
1980-01-01 01:00:26,634 - __main__ - INFO - Avvio Battery_monitor.py
2023-04-10 17:19:59,654 - __main__ - INFO - Avvio Battery_monitor.py
1980-01-01 01:00:25,226 - __main__ - INFO - Avvio Battery_monitor.py
1980-01-01 01:00:25,388 - __main__ - INFO - Avvio Battery_monitor.py
2023-04-11 17:01:14,520 - __main__ - INFO - Avvio Battery_monitor.py
1980-01-01 01:00:24,817 - __main__ - INFO - Avvio Battery_monitor.py
1980-01-01 01:00:25,971 - __main__ - INFO - Avvio Battery_monitor.py
2023-04-11 23:38:49,378 - __main__ - INFO - Avvio Battery_monitor.py
1980-01-01 01:00:25,287 - __main__ - INFO - Avvio Battery_monitor.py
2023-04-23 21:57:08,903 - __main__ - INFO - Avvio Battery_monitor.py
1980-01-01 01:00:25,143 - __main__ - INFO - Avvio Battery_monitor.py
2023-04-27 14:43:48,746 - __main__ - INFO - Avvio Battery_monitor.py
1980-01-01 01:00:25,442 - __main__ - INFO - Avvio Battery_monitor.py
2023-04-27 21:11:55,752 - __main__ - INFO - Avvio Battery_monitor.py
1980-01-01 01:00:25,178 - __main__ - INFO - Avvio Battery_monitor.py
1980-01-01 01:00:25,318 - __main__ - INFO - Avvio Battery_monitor.py
1980-01-01 01:00:25,790 - __main__ - INFO - Avvio Battery_monitor.py
1980-01-01 01:00:25,891 - __main__ - INFO - Avvio Battery_monitor.py
1980-01-01 01:00:25,351 - __main__ - INFO - Avvio Battery_monitor.py
1980-01-01 01:00:25,800 - __main__ - INFO - Avvio Battery_monitor.py
1980-01-01 01:00:25,572 - __main__ - INFO - Avvio Battery_monitor.py
1980-01-01 01:00:26,463 - __main__ - INFO - Avvio Battery_monitor.py
1980-01-01 01:00:31,214 - __main__ - INFO - Avvio Battery_monitor.py
2023-07-28 23:55:01,086 - __main__ - INFO - Avvio Battery_monitor.py
1980-01-01 01:00:32,070 - __main__ - INFO - Avvio Battery_monitor.py
1980-01-01 01:05:03,727 - __main__ - INFO - Avvio Battery_monitor.py
1980-01-01 01:00:31,871 - __main__ - INFO - Avvio Battery_monitor.py
1980-01-01 01:00:25,533 - __main__ - INFO - Avvio Battery_monitor.py
1980-01-01 01:00:26,134 - __main__ - INFO - Avvio Battery_monitor.py
2023-08-07 17:53:24,406 - __main__ - INFO - Avvio Battery_monitor.py
1980-01-01 01:00:25,741 - __main__ - INFO - Avvio Battery_monitor.py
2023-08-07 18:18:44,647 - __main__ - INFO - Avvio Battery_monitor.py
1980-01-01 01:00:26,161 - __main__ - INFO - Avvio Battery_monitor.py
2023-08-07 18:28:16,343 - __main__ - INFO - Avvio Battery_monitor.py
1980-01-01 01:00:25,938 - __main__ - INFO - Avvio Battery_monitor.py
2023-08-07 18:32:03,191 - __main__ - INFO - Avvio Battery_monitor.py
1980-01-01 01:00:26,397 - __main__ - INFO - Avvio Battery_monitor.py
2023-08-07 18:39:24,039 - __main__ - INFO - Avvio Battery_monitor.py
1980-01-01 01:00:26,345 - __main__ - INFO - Avvio Battery_monitor.py
2023-10-04 22:57:52,071 - __main__ - INFO - Avvio Battery_monitor.py
1980-01-01 01:00:39,627 - __main__ - INFO - Avvio Battery_monitor.py
